<?xml version="1.0" encoding="UTF-8"?>
<testsuite name="QuaideListTest" tests="1" skipped="0" failures="0" errors="0" timestamp="2019-10-02T02:02:16" hostname="DESKTOP-COI2KMT" time="0.016">
  <properties/>
  <testcase name="addManyElements()" classname="QuaideListTest" time="0.016"/>
  <system-out><![CDATA[]]></system-out>
  <system-err><![CDATA[]]></system-err>
</testsuite>
