<?xml version="1.0" encoding="UTF-8"?>
<testsuite name="PascalsTriangleTest" tests="1" skipped="0" failures="0" errors="0" timestamp="2019-09-11T18:42:48" hostname="DESKTOP-COI2KMT" time="0.003">
  <properties/>
  <testcase name="fourNumRows" classname="PascalsTriangleTest" time="0.003"/>
  <system-out><![CDATA[]]></system-out>
  <system-err><![CDATA[]]></system-err>
</testsuite>
