<?xml version="1.0" encoding="UTF-8"?>
<testsuite name="QuaideListTest" tests="7" skipped="0" failures="0" errors="0" timestamp="2019-10-08T17:04:42" hostname="H303R4S4" time="0.052">
  <properties/>
  <testcase name="testGetOutOfBounds()" classname="QuaideListTest" time="0.039"/>
  <testcase name="testAdd()" classname="QuaideListTest" time="0.003"/>
  <testcase name="testContains()" classname="QuaideListTest" time="0.001"/>
  <testcase name="addManyElements()" classname="QuaideListTest" time="0.002"/>
  <testcase name="testIsEmpty()" classname="QuaideListTest" time="0.0"/>
  <testcase name="testRemove()" classname="QuaideListTest" time="0.001"/>
  <testcase name="testConstructor()" classname="QuaideListTest" time="0.0"/>
  <system-out><![CDATA[]]></system-out>
  <system-err><![CDATA[]]></system-err>
</testsuite>
